<?xml version="1.0" encoding="UTF-8"?>
<!-- Generated by org.testng.reporters.JUnitReportReporter -->
<testsuite hostname="DT-JX1G6MT6WC" failures="0" tests="3" name="tests.RegistrationWithErrorsTest" time="17.697" errors="0" timestamp="2023-04-15T12:47:36 CEST" skipped="0">
  <testcase classname="tests.RegistrationWithErrorsTest" name="invalidRegWithFirstAndLastName" time="7.469"/>
  <system-out/>
  <testcase classname="tests.RegistrationWithErrorsTest" name="invalidRegWithNoPassword" time="5.071"/>
  <system-out/>
  <testcase classname="tests.RegistrationWithErrorsTest" name="invalidRegWithLessThan4Password" time="5.157"/>
  <system-out/>
</testsuite> <!-- tests.RegistrationWithErrorsTest -->
