<?xml version="1.0" encoding="UTF-8"?>
<!-- Generated by org.testng.reporters.JUnitReportReporter -->
<testsuite hostname="DT-JX1G6MT6WC" failures="0" tests="2" name="tests.RegistrationWithoutErrorsTest" time="14.954" errors="0" timestamp="2023-04-15T12:47:36 CEST" skipped="0">
  <testcase classname="tests.RegistrationWithoutErrorsTest" name="logout" time="2.256"/>
  <system-out/>
  <testcase classname="tests.RegistrationWithoutErrorsTest" name="RegistrationWithoutErrors" time="12.698"/>
  <system-out/>
</testsuite> <!-- tests.RegistrationWithoutErrorsTest -->
